<?xml version="1.0" encoding="UTF-8"?>
<testsuite name="ru.nsu.khubanov.ParserTest" tests="1" skipped="0" failures="0" errors="0" timestamp="2024-12-24T06:10:09" hostname="ochir-Vivobook-ASUSLaptop-M3500QC-M3500QC" time="0.027">
  <properties/>
  <testcase name="testDerivative()" classname="ru.nsu.khubanov.ParserTest" time="0.027"/>
  <system-out><![CDATA[]]></system-out>
  <system-err><![CDATA[]]></system-err>
</testsuite>
